--- Copying files at Mon Aug 15 08:04:48 UTC 2016
INSTALLED init.groovy.d/tcp-slave-agent-port.groovy
--- Copying files at Mon Aug 15 08:23:14 UTC 2016
--- Copying files at Mon Aug 15 08:23:36 UTC 2016
--- Copying files at Mon Aug 15 08:24:48 UTC 2016
--- Copying files at Tue Aug 16 01:48:45 UTC 2016
--- Copying files at Mon Aug 22 07:34:00 UTC 2016
--- Copying files at Wed Aug 31 02:03:09 UTC 2016
--- Copying files at Wed Aug 31 02:24:21 UTC 2016
--- Copying files at Wed Aug 31 02:40:13 UTC 2016
--- Copying files at Wed Aug 31 02:50:28 UTC 2016
--- Copying files at Wed Aug 31 02:53:20 UTC 2016
--- Copying files at Wed Aug 31 04:36:18 UTC 2016
--- Copying files at Wed Aug 31 04:49:18 UTC 2016
--- Copying files at Wed Aug 31 04:49:32 UTC 2016
--- Copying files at Thu Sep  1 06:29:23 UTC 2016
--- Copying files at Thu Sep  1 06:32:10 UTC 2016
--- Copying files at Fri Sep  2 01:31:05 UTC 2016
--- Copying files at Tue Sep  6 07:39:41 UTC 2016
--- Copying files at Tue Sep  6 07:39:59 UTC 2016
--- Copying files at Tue Sep 13 03:02:12 UTC 2016
